{
"D:\\work\\github\\own\\quark-ui\\src\\components\\button\\test\\btn.test.js":{"path":"D:\\work\\github\\own\\quark-ui\\src\\components\\button\\test\\btn.test.js","s":{"1":1,"2":1,"3":1,"4":1,"5":1,"6":1,"7":1,"8":2,"9":1,"10":1,"11":1,"12":1,"13":1,"14":1,"15":1,"16":1},"b":{"1":[1,1],"2":[2,2]},"f":{"1":2,"2":1,"3":1},"fnMap":{"1":{"name":"_interopRequireDefault","line":0,"loc":{"start":{"line":0,"column":0},"end":{"line":0,"column":0}},"skip":true},"2":{"name":"(anonymous_2)","line":9,"loc":{"start":{"line":9,"column":28},"end":{"line":9,"column":32}}},"3":{"name":"(anonymous_3)","line":10,"loc":{"start":{"line":10,"column":26},"end":{"line":10,"column":30}}}},"statementMap":{"1":{"start":{"line":2,"column":0},"end":{"line":null,"column":null}},"2":{"start":{"line":0,"column":0},"end":{"line":0,"column":0},"skip":true},"3":{"start":{"line":4,"column":0},"end":{"line":null,"column":null}},"4":{"start":{"line":5,"column":0},"end":{"line":null,"column":null}},"5":{"start":{"line":6,"column":0},"end":{"line":null,"column":null}},"6":{"start":{"line":0,"column":0},"end":{"line":0,"column":0},"skip":true},"7":{"start":{"line":0,"column":0},"end":{"line":0,"column":0},"skip":true},"8":{"start":{"line":0,"column":0},"end":{"line":0,"column":0},"skip":true},"9":{"start":{"line":1,"column":0},"end":{"line":null,"column":null}},"10":{"start":{"line":3,"column":0},"end":{"line":null,"column":null}},"11":{"start":{"line":0,"column":0},"end":{"line":0,"column":0},"skip":true},"12":{"start":{"line":9,"column":0},"end":{"line":null,"column":null}},"13":{"start":{"line":10,"column":5},"end":{"line":null,"column":null}},"14":{"start":{"line":11,"column":10},"end":{"line":null,"column":null}},"15":{"start":{"line":12,"column":8},"end":{"line":null,"column":null}},"16":{"start":{"line":14,"column":11},"end":{"line":null,"column":null}}},"branchMap":{"1":{"line":0,"type":"cond-expr","locations":[{"start":{"line":0,"column":0},"end":{"line":0,"column":0},"skip":true},{"start":{"line":0,"column":0},"end":{"line":0,"column":0},"skip":true}]},"2":{"line":0,"type":"binary-expr","locations":[{"start":{"line":0,"column":0},"end":{"line":0,"column":0},"skip":true},{"start":{"line":0,"column":0},"end":{"line":0,"column":0},"skip":true}]}},"code":["console.log(1111111111);","import React from 'react';","console.log(2222222);","import {shallow, mount, render} from 'enzyme';","import {expect,should} from 'chai';","import Button from '../Button';","import styles from '../Button.css';","","describe('btn---------test',()=>{","  it('button============',()=>{","    const data = { type: 'primary', size: 'normal', disabled: true };","    let btn = shallow(<Button {...data}>aaa</Button>);","    ","    expect(btn.hasClass(styles['button--normal'])).to.equal(true);","   ","  });"," ","});"],"l":{"0":2,"1":1,"2":1,"3":1,"4":1,"5":1,"6":1,"9":1,"10":1,"11":1,"12":1,"14":1}},
"D:\\work\\github\\own\\quark-ui\\src\\components\\button\\Button.js":{"path":"D:\\work\\github\\own\\quark-ui\\src\\components\\button\\Button.js","s":{"1":1,"2":1,"3":1,"4":1,"5":1,"6":1,"7":1,"8":1,"9":1,"10":1,"11":1,"12":1,"13":1,"14":1,"15":1,"16":1,"17":1,"18":1,"19":1,"20":1,"21":1,"22":1,"23":1,"24":1,"25":1,"26":1,"27":11,"28":1,"29":1,"30":1,"31":1,"32":1,"33":1,"34":1,"35":1,"36":1,"37":1,"38":1,"39":1,"40":1},"b":{"1":[7,4],"2":[11,11],"3":[1,0],"4":[1,0],"5":[1,0],"6":[1,0]},"f":{"1":11,"2":1,"3":1,"4":1},"fnMap":{"1":{"name":"_interopRequireDefault","line":0,"loc":{"start":{"line":0,"column":0},"end":{"line":0,"column":0}},"skip":true},"2":{"name":"(anonymous_2)","line":0,"loc":{"start":{"line":0,"column":0},"end":{"line":0,"column":0}},"skip":true},"3":{"name":"Button","line":0,"loc":{"start":{"line":0,"column":0},"end":{"line":0,"column":0}},"skip":true},"4":{"name":"render","line":37,"loc":{"start":{"line":37,"column":11},"end":{"line":37,"column":11}}}},"statementMap":{"1":{"start":{"line":0,"column":0},"end":{"line":0,"column":0},"skip":true},"2":{"start":{"line":0,"column":0},"end":{"line":0,"column":0},"skip":true},"3":{"start":{"line":0,"column":0},"end":{"line":0,"column":0},"skip":true},"4":{"start":{"line":0,"column":0},"end":{"line":0,"column":0},"skip":true},"5":{"start":{"line":0,"column":0},"end":{"line":0,"column":0},"skip":true},"6":{"start":{"line":0,"column":0},"end":{"line":0,"column":0},"skip":true},"7":{"start":{"line":0,"column":0},"end":{"line":0,"column":0},"skip":true},"8":{"start":{"line":0,"column":0},"end":{"line":0,"column":0},"skip":true},"9":{"start":{"line":0,"column":0},"end":{"line":0,"column":0},"skip":true},"10":{"start":{"line":0,"column":0},"end":{"line":0,"column":0},"skip":true},"11":{"start":{"line":0,"column":0},"end":{"line":0,"column":0},"skip":true},"12":{"start":{"line":0,"column":0},"end":{"line":0,"column":0},"skip":true},"13":{"start":{"line":0,"column":0},"end":{"line":0,"column":0},"skip":true},"14":{"start":{"line":0,"column":0},"end":{"line":0,"column":0},"skip":true},"15":{"start":{"line":0,"column":0},"end":{"line":0,"column":0},"skip":true},"16":{"start":{"line":1,"column":0},"end":{"line":1,"column":0}},"17":{"start":{"line":5,"column":0},"end":{"line":null,"column":null}},"18":{"start":{"line":0,"column":0},"end":{"line":0,"column":0},"skip":true},"19":{"start":{"line":6,"column":0},"end":{"line":null,"column":null}},"20":{"start":{"line":0,"column":0},"end":{"line":0,"column":0},"skip":true},"21":{"start":{"line":7,"column":0},"end":{"line":null,"column":null}},"22":{"start":{"line":8,"column":0},"end":{"line":null,"column":null}},"23":{"start":{"line":0,"column":0},"end":{"line":0,"column":0},"skip":true},"24":{"start":{"line":9,"column":0},"end":{"line":null,"column":null}},"25":{"start":{"line":0,"column":0},"end":{"line":0,"column":0},"skip":true},"26":{"start":{"line":0,"column":0},"end":{"line":0,"column":0},"skip":true},"27":{"start":{"line":0,"column":0},"end":{"line":0,"column":0},"skip":true},"28":{"start":{"line":0,"column":0},"end":{"line":0,"column":0},"skip":true},"29":{"start":{"line":13,"column":6},"end":{"line":null,"column":null}},"30":{"start":{"line":0,"column":0},"end":{"line":0,"column":0},"skip":true},"31":{"start":{"line":0,"column":0},"end":{"line":0,"column":0},"skip":true},"32":{"start":{"line":0,"column":0},"end":{"line":0,"column":0},"skip":true},"33":{"start":{"line":0,"column":0},"end":{"line":0,"column":0},"skip":true},"34":{"start":{"line":0,"column":0},"end":{"line":0,"column":0},"skip":true},"35":{"start":{"line":39,"column":62},"end":{"line":null,"column":null}},"36":{"start":{"line":40,"column":10},"end":{"line":null,"column":null}},"37":{"start":{"line":48,"column":10},"end":{"line":null,"column":null}},"38":{"start":{"line":54,"column":6},"end":{"line":null,"column":null}},"39":{"start":{"line":0,"column":0},"end":{"line":0,"column":0},"skip":true},"40":{"start":{"line":59,"column":15},"end":{"line":null,"column":null}}},"branchMap":{"1":{"line":0,"type":"cond-expr","locations":[{"start":{"line":0,"column":0},"end":{"line":0,"column":0},"skip":true},{"start":{"line":0,"column":0},"end":{"line":0,"column":0},"skip":true}]},"2":{"line":0,"type":"binary-expr","locations":[{"start":{"line":0,"column":0},"end":{"line":0,"column":0},"skip":true},{"start":{"line":0,"column":0},"end":{"line":0,"column":0},"skip":true}]},"3":{"line":0,"type":"binary-expr","locations":[{"start":{"line":0,"column":0},"end":{"line":0,"column":0},"skip":true},{"start":{"line":0,"column":0},"end":{"line":0,"column":0},"skip":true}]},"4":{"line":0,"type":"binary-expr","locations":[{"start":{"line":0,"column":0},"end":{"line":0,"column":0},"skip":true},{"start":{"line":0,"column":0},"end":{"line":0,"column":0},"skip":true}]},"5":{"line":43,"type":"cond-expr","locations":[{"start":{"line":43,"column":37},"end":{"line":43,"column":26}},{"start":{"line":43,"column":50},"end":{"line":43,"column":8}}]},"6":{"line":49,"type":"cond-expr","locations":[{"start":{"line":49,"column":31},"end":{"line":49,"column":20}},{"start":{"line":49,"column":44},"end":{"line":49,"column":8}}]}},"code":["/**"," * Button Component"," * @author ryan.bian"," */","import React,{ PureComponent } from 'react';","import CSSModules from 'react-css-modules';","import { allowMultiple } from '../../constants';","import PropTypes from 'prop-types';","import classnames from 'classnames';","import styles from './Button.css';","","@CSSModules(styles, { allowMultiple })","class Button extends PureComponent {","","  static displayName = 'Button'","","  static defaultProps = {","    type: 'primary',","    size: 'normal',","  }","","  // https://facebook.github.io/react/docs/typechecking-with-proptypes.html","  static propTypes = {","    type: PropTypes.oneOf([","      'primary',","      'secondary',","      'dashed',","      'danger',","    ]),","    size: PropTypes.oneOf([","      'normal',","      'large',","      'small',","    ]),","  }","","  render() {","    ","    const { children, type, size, disabled, ...otherProps } = this.props;","    const btnProps = {","      ...otherProps,","      className: classnames(","        styles[`button--${disabled ? 'disabled' : type}`],","        styles[`button--${size}`],","      ),","      ","    };","    const aa = classnames(","        [`button--${disabled ? 'disabled' : type}`],","        [`button--${size}`],","      );","   ","    return (","      <button {...otherProps} styleName={aa}>{children}</button>","    );","  }","}","","export default Button;",""],"l":{"0":11,"1":1,"5":1,"6":1,"7":1,"8":1,"9":1,"13":1,"39":1,"40":1,"48":1,"54":1,"59":1}},
"D:\\work\\github\\own\\quark-ui\\src\\constants.js":{"path":"D:\\work\\github\\own\\quark-ui\\src\\constants.js","s":{"1":2,"2":2,"3":2,"4":2,"5":1,"6":2,"7":2,"8":2},"b":{"1":[2,0],"2":[2,2]},"f":{"1":2},"fnMap":{"1":{"name":"_interopRequireDefault","line":0,"loc":{"start":{"line":0,"column":0},"end":{"line":0,"column":0}},"skip":true}},"statementMap":{"1":{"start":{"line":0,"column":0},"end":{"line":0,"column":0},"skip":true},"2":{"start":{"line":0,"column":0},"end":{"line":0,"column":0},"skip":true},"3":{"start":{"line":0,"column":0},"end":{"line":0,"column":0},"skip":true},"4":{"start":{"line":0,"column":0},"end":{"line":0,"column":0},"skip":true},"5":{"start":{"line":0,"column":0},"end":{"line":0,"column":0},"skip":true},"6":{"start":{"line":0,"column":0},"end":{"line":0,"column":0},"skip":true},"7":{"start":{"line":1,"column":7},"end":{"line":null,"column":null}},"8":{"start":{"line":3,"column":7},"end":{"line":null,"column":null}}},"branchMap":{"1":{"line":0,"type":"cond-expr","locations":[{"start":{"line":0,"column":0},"end":{"line":0,"column":0},"skip":true},{"start":{"line":0,"column":0},"end":{"line":0,"column":0},"skip":true}]},"2":{"line":0,"type":"binary-expr","locations":[{"start":{"line":0,"column":0},"end":{"line":0,"column":0},"skip":true},{"start":{"line":0,"column":0},"end":{"line":0,"column":0},"skip":true}]}},"code":["export const allowMultiple = true;","","export const ALIGN_ENUM = new Set([","  'tl',","  'tr',","  'tc',","  'bl',","  'br',","  'bc',","  'cl',","  'cr',","]);",""],"l":{"0":2,"1":2,"3":2}},
"D:\\work\\github\\own\\quark-ui\\src\\components\\checkbox\\test\\checkbox.test.js":{"path":"D:\\work\\github\\own\\quark-ui\\src\\components\\checkbox\\test\\checkbox.test.js","s":{"1":1,"2":1,"3":1,"4":1,"5":1,"6":1,"7":1,"8":1,"9":1,"10":3,"11":1,"12":1,"13":1,"14":1,"15":1,"16":1,"17":1,"18":1,"19":1,"20":1,"21":1,"22":1,"23":1,"24":1},"b":{"1":[2,1],"2":[3,3]},"f":{"1":3,"2":1,"3":1,"4":1},"fnMap":{"1":{"name":"_interopRequireDefault","line":0,"loc":{"start":{"line":0,"column":0},"end":{"line":0,"column":0}},"skip":true},"2":{"name":"(anonymous_2)","line":8,"loc":{"start":{"line":8,"column":34},"end":{"line":8,"column":38}}},"3":{"name":"(anonymous_3)","line":10,"loc":{"start":{"line":10,"column":29},"end":{"line":10,"column":33}}},"4":{"name":"(anonymous_4)","line":21,"loc":{"start":{"line":21,"column":32},"end":{"line":21,"column":36}}}},"statementMap":{"1":{"start":{"line":1,"column":0},"end":{"line":null,"column":null}},"2":{"start":{"line":0,"column":0},"end":{"line":0,"column":0},"skip":true},"3":{"start":{"line":2,"column":0},"end":{"line":null,"column":null}},"4":{"start":{"line":3,"column":0},"end":{"line":null,"column":null}},"5":{"start":{"line":4,"column":0},"end":{"line":null,"column":null}},"6":{"start":{"line":0,"column":0},"end":{"line":0,"column":0},"skip":true},"7":{"start":{"line":5,"column":0},"end":{"line":null,"column":null}},"8":{"start":{"line":0,"column":0},"end":{"line":0,"column":0},"skip":true},"9":{"start":{"line":0,"column":0},"end":{"line":0,"column":0},"skip":true},"10":{"start":{"line":0,"column":0},"end":{"line":0,"column":0},"skip":true},"11":{"start":{"line":0,"column":0},"end":{"line":0,"column":0},"skip":true},"12":{"start":{"line":8,"column":0},"end":{"line":null,"column":null}},"13":{"start":{"line":10,"column":5},"end":{"line":null,"column":null}},"14":{"start":{"line":11,"column":9},"end":{"line":null,"column":null}},"15":{"start":{"line":12,"column":9},"end":{"line":null,"column":null}},"16":{"start":{"line":13,"column":9},"end":{"line":null,"column":null}},"17":{"start":{"line":16,"column":7},"end":{"line":null,"column":null}},"18":{"start":{"line":18,"column":11},"end":{"line":null,"column":null}},"19":{"start":{"line":21,"column":5},"end":{"line":null,"column":null}},"20":{"start":{"line":22,"column":10},"end":{"line":null,"column":null}},"21":{"start":{"line":23,"column":10},"end":{"line":null,"column":null}},"22":{"start":{"line":24,"column":10},"end":{"line":null,"column":null}},"23":{"start":{"line":27,"column":8},"end":{"line":null,"column":null}},"24":{"start":{"line":28,"column":11},"end":{"line":null,"column":null}}},"branchMap":{"1":{"line":0,"type":"cond-expr","locations":[{"start":{"line":0,"column":0},"end":{"line":0,"column":0},"skip":true},{"start":{"line":0,"column":0},"end":{"line":0,"column":0},"skip":true}]},"2":{"line":0,"type":"binary-expr","locations":[{"start":{"line":0,"column":0},"end":{"line":0,"column":0},"skip":true},{"start":{"line":0,"column":0},"end":{"line":0,"column":0},"skip":true}]}},"code":["import React from 'react';","import {shallow, mount, render} from 'enzyme';","import {expect,should} from 'chai';","import Checkbox from '../Checkbox';","import CheckboxGroup from '../CheckboxGroup';","import styles from '../Checkbox.css';","","describe('test-----checkbox-----',()=>{","  ","  it('checkbox-------------',()=>{","  \tconst plainOptions = ['Apple', 'Pear', 'Orange'];","  \tconst defaultCheckedList = ['Apple', 'Orange'];","  \tconst data = {","  \t\t'options' : plainOptions","  \t}","  \tlet checkbox = shallow(<Checkbox  {...data}/>);","","    expect(checkbox.hasClass('checkbox--wrapper')).to.equal(true);","  ","  });","  it('checkboxGroup-----------',()=>{","    const plainOptions = ['Apple', 'Pear', 'Orange'];","    const defaultCheckedList = ['Apple', 'Orange'];","    const data = {","      'options' : plainOptions","    }","    let checkboxgroup = shallow(<CheckboxGroup  {...data}/>);","    expect(checkboxgroup.children()).to.have.length(plainOptions.length);","  });","});","",""],"l":{"0":3,"1":1,"2":1,"3":1,"4":1,"5":1,"8":1,"10":1,"11":1,"12":1,"13":1,"16":1,"18":1,"21":1,"22":1,"23":1,"24":1,"27":1,"28":1}},
"D:\\work\\github\\own\\quark-ui\\src\\components\\checkbox\\Checkbox.js":{"path":"D:\\work\\github\\own\\quark-ui\\src\\components\\checkbox\\Checkbox.js","s":{"1":1,"2":1,"3":1,"4":1,"5":1,"6":1,"7":1,"8":1,"9":1,"10":1,"11":1,"12":1,"13":1,"14":1,"15":1,"16":1,"17":1,"18":1,"19":1,"20":1,"21":1,"22":1,"23":1,"24":1,"25":1,"26":1,"27":1,"28":1,"29":1,"30":1,"31":1,"32":1,"33":14,"34":1,"35":1,"36":1,"37":1,"38":1,"39":1,"40":1,"41":1,"42":1,"43":1,"44":1,"45":0,"46":0,"47":0,"48":1,"49":1,"50":1,"51":1,"52":1,"53":1,"54":1,"55":1,"56":0,"57":0,"58":0,"59":0,"60":1,"61":1,"62":1,"63":1,"64":1,"65":1,"66":1,"67":0,"68":0,"69":0,"70":0,"71":0,"72":0,"73":0,"74":0,"75":1},"b":{"1":[9,5],"2":[14,14],"3":[1,0],"4":[1,0],"5":[0,1],"6":[0,0],"7":[0,0,0],"8":[0,1],"9":[0,0],"10":[0,1],"11":[0,0],"12":[0,0]},"f":{"1":14,"2":1,"3":1,"4":0,"5":0,"6":1,"7":0,"8":0,"9":0,"10":0,"11":0,"12":1,"13":0,"14":0,"15":0},"fnMap":{"1":{"name":"_interopRequireDefault","line":0,"loc":{"start":{"line":0,"column":0},"end":{"line":0,"column":0}},"skip":true},"2":{"name":"(anonymous_2)","line":0,"loc":{"start":{"line":0,"column":0},"end":{"line":0,"column":0}},"skip":true},"3":{"name":"Checkbox","line":46,"loc":{"start":{"line":46,"column":14},"end":{"line":46,"column":21}}},"4":{"name":"componentWillReceiveProps","line":56,"loc":{"start":{"line":56,"column":28},"end":{"line":56,"column":39}}},"5":{"name":"shouldComponentUpdate","line":64,"loc":{"start":{"line":64,"column":24},"end":{"line":64,"column":59}}},"6":{"name":"render","line":94,"loc":{"start":{"line":94,"column":11},"end":{"line":94,"column":11}}},"7":{"name":"(anonymous_7)","line":102,"loc":{"start":{"line":102,"column":26},"end":{"line":null,"column":null}}},"8":{"name":"onChange","line":24,"loc":{"start":{"line":24,"column":15},"end":{"line":24,"column":15}}},"9":{"name":"onFocus","line":25,"loc":{"start":{"line":25,"column":14},"end":{"line":25,"column":14}}},"10":{"name":"onBlur","line":26,"loc":{"start":{"line":26,"column":13},"end":{"line":26,"column":13}}},"11":{"name":"onClick","line":27,"loc":{"start":{"line":27,"column":14},"end":{"line":27,"column":14}}},"12":{"name":"_initialiseProps","line":0,"loc":{"start":{"line":0,"column":0},"end":{"line":0,"column":0}},"skip":true},"13":{"name":"(anonymous_13)","line":70,"loc":{"start":{"line":70,"column":17},"end":{"line":70,"column":24}}},"14":{"name":"stopPropagation","line":85,"loc":{"start":{"line":85,"column":24},"end":{"line":85,"column":24}}},"15":{"name":"preventDefault","line":88,"loc":{"start":{"line":88,"column":23},"end":{"line":88,"column":23}}}},"statementMap":{"1":{"start":{"line":0,"column":0},"end":{"line":0,"column":0},"skip":true},"2":{"start":{"line":0,"column":0},"end":{"line":0,"column":0},"skip":true},"3":{"start":{"line":0,"column":0},"end":{"line":0,"column":0},"skip":true},"4":{"start":{"line":0,"column":0},"end":{"line":0,"column":0},"skip":true},"5":{"start":{"line":0,"column":0},"end":{"line":0,"column":0},"skip":true},"6":{"start":{"line":0,"column":0},"end":{"line":0,"column":0},"skip":true},"7":{"start":{"line":0,"column":0},"end":{"line":0,"column":0},"skip":true},"8":{"start":{"line":0,"column":0},"end":{"line":0,"column":0},"skip":true},"9":{"start":{"line":0,"column":0},"end":{"line":0,"column":0},"skip":true},"10":{"start":{"line":0,"column":0},"end":{"line":0,"column":0},"skip":true},"11":{"start":{"line":0,"column":0},"end":{"line":0,"column":0},"skip":true},"12":{"start":{"line":0,"column":0},"end":{"line":0,"column":0},"skip":true},"13":{"start":{"line":0,"column":0},"end":{"line":0,"column":0},"skip":true},"14":{"start":{"line":0,"column":0},"end":{"line":0,"column":0},"skip":true},"15":{"start":{"line":0,"column":0},"end":{"line":0,"column":0},"skip":true},"16":{"start":{"line":0,"column":0},"end":{"line":0,"column":0},"skip":true},"17":{"start":{"line":0,"column":0},"end":{"line":0,"column":0},"skip":true},"18":{"start":{"line":1,"column":0},"end":{"line":1,"column":0}},"19":{"start":{"line":5,"column":0},"end":{"line":null,"column":null}},"20":{"start":{"line":0,"column":0},"end":{"line":0,"column":0},"skip":true},"21":{"start":{"line":6,"column":0},"end":{"line":null,"column":null}},"22":{"start":{"line":0,"column":0},"end":{"line":0,"column":0},"skip":true},"23":{"start":{"line":7,"column":0},"end":{"line":null,"column":null}},"24":{"start":{"line":0,"column":0},"end":{"line":0,"column":0},"skip":true},"25":{"start":{"line":8,"column":0},"end":{"line":null,"column":null}},"26":{"start":{"line":0,"column":0},"end":{"line":0,"column":0},"skip":true},"27":{"start":{"line":9,"column":0},"end":{"line":null,"column":null}},"28":{"start":{"line":0,"column":0},"end":{"line":0,"column":0},"skip":true},"29":{"start":{"line":10,"column":0},"end":{"line":null,"column":null}},"30":{"start":{"line":12,"column":0},"end":{"line":null,"column":null}},"31":{"start":{"line":0,"column":0},"end":{"line":0,"column":0},"skip":true},"32":{"start":{"line":0,"column":0},"end":{"line":0,"column":0},"skip":true},"33":{"start":{"line":0,"column":0},"end":{"line":0,"column":0},"skip":true},"34":{"start":{"line":0,"column":0},"end":{"line":0,"column":0},"skip":true},"35":{"start":{"line":15,"column":6},"end":{"line":null,"column":null}},"36":{"start":{"line":0,"column":0},"end":{"line":0,"column":0},"skip":true},"37":{"start":{"line":46,"column":14},"end":{"line":null,"column":null}},"38":{"start":{"line":0,"column":0},"end":{"line":0,"column":0},"skip":true},"39":{"start":{"line":47,"column":10},"end":{"line":null,"column":null}},"40":{"start":{"line":0,"column":0},"end":{"line":0,"column":0},"skip":true},"41":{"start":{"line":49,"column":10},"end":{"line":null,"column":null}},"42":{"start":{"line":51,"column":9},"end":{"line":null,"column":null}},"43":{"start":{"line":0,"column":0},"end":{"line":0,"column":0},"skip":true},"44":{"start":{"line":0,"column":0},"end":{"line":0,"column":0},"skip":true},"45":{"start":{"line":57,"column":8},"end":{"line":null,"column":null}},"46":{"start":{"line":58,"column":11},"end":{"line":null,"column":null}},"47":{"start":{"line":65,"column":11},"end":{"line":null,"column":null}},"48":{"start":{"line":0,"column":0},"end":{"line":0,"column":0},"skip":true},"49":{"start":{"line":95,"column":12},"end":{"line":null,"column":null}},"50":{"start":{"line":96,"column":12},"end":{"line":null,"column":null}},"51":{"start":{"line":97,"column":10},"end":{"line":null,"column":null}},"52":{"start":{"line":98,"column":10},"end":{"line":null,"column":null}},"53":{"start":{"line":99,"column":10},"end":{"line":null,"column":null}},"54":{"start":{"line":100,"column":12},"end":{"line":null,"column":null}},"55":{"start":{"line":101,"column":8},"end":{"line":null,"column":null}},"56":{"start":{"line":102,"column":11},"end":{"line":null,"column":null}},"57":{"start":{"line":102,"column":32},"end":{"line":null,"column":null}},"58":{"start":{"line":103,"column":16},"end":{"line":null,"column":null}},"59":{"start":{"line":104,"column":17},"end":{"line":null,"column":null}},"60":{"start":{"line":107,"column":10},"end":{"line":null,"column":null}},"61":{"start":{"line":111,"column":10},"end":{"line":null,"column":null}},"62":{"start":{"line":116,"column":10},"end":{"line":null,"column":null}},"63":{"start":{"line":120,"column":6},"end":{"line":null,"column":null}},"64":{"start":{"line":0,"column":0},"end":{"line":0,"column":0},"skip":true},"65":{"start":{"line":0,"column":0},"end":{"line":0,"column":0},"skip":true},"66":{"start":{"line":70,"column":2},"end":{"line":null,"column":null}},"67":{"start":{"line":71,"column":12},"end":{"line":null,"column":null}},"68":{"start":{"line":72,"column":8},"end":{"line":null,"column":null}},"69":{"start":{"line":0,"column":0},"end":{"line":0,"column":0},"skip":true},"70":{"start":{"line":75,"column":8},"end":{"line":null,"column":null}},"71":{"start":{"line":76,"column":11},"end":{"line":null,"column":null}},"72":{"start":{"line":80,"column":10},"end":{"line":null,"column":null}},"73":{"start":{"line":86,"column":10},"end":{"line":null,"column":null}},"74":{"start":{"line":89,"column":10},"end":{"line":null,"column":null}},"75":{"start":{"line":139,"column":15},"end":{"line":null,"column":null}}},"branchMap":{"1":{"line":0,"type":"cond-expr","locations":[{"start":{"line":0,"column":0},"end":{"line":0,"column":0},"skip":true},{"start":{"line":0,"column":0},"end":{"line":0,"column":0},"skip":true}]},"2":{"line":0,"type":"binary-expr","locations":[{"start":{"line":0,"column":0},"end":{"line":0,"column":0},"skip":true},{"start":{"line":0,"column":0},"end":{"line":0,"column":0},"skip":true}]},"3":{"line":0,"type":"binary-expr","locations":[{"start":{"line":0,"column":0},"end":{"line":0,"column":0},"skip":true},{"start":{"line":0,"column":0},"end":{"line":0,"column":0},"skip":true}]},"4":{"line":47,"type":"binary-expr","locations":[{"start":{"line":47,"column":10},"end":{"line":47,"column":10}},{"start":{"line":47,"column":10},"end":{"line":47,"column":10}}]},"5":{"line":49,"type":"cond-expr","locations":[{"start":{"line":49,"column":41},"end":{"line":49,"column":20}},{"start":{"line":49,"column":57},"end":{"line":49,"column":4}}]},"6":{"line":57,"type":"if","locations":[{"start":{"line":57,"column":8},"end":{"line":57,"column":8}},{"start":{"line":57,"column":8},"end":{"line":57,"column":8}}]},"7":{"line":65,"type":"binary-expr","locations":[{"start":{"line":65,"column":11},"end":{"line":65,"column":11}},{"start":{"line":66,"column":11},"end":{"line":65,"column":11}},{"start":{"line":67,"column":11},"end":{"line":65,"column":4}}]},"8":{"line":101,"type":"if","locations":[{"start":{"line":101,"column":8},"end":{"line":101,"column":8}},{"start":{"line":101,"column":8},"end":{"line":101,"column":8}}]},"9":{"line":104,"type":"cond-expr","locations":[{"start":{"line":104,"column":39},"end":{"line":104,"column":17}},{"start":{"line":104,"column":56},"end":{"line":104,"column":6}}]},"10":{"line":132,"type":"cond-expr","locations":[{"start":{"line":132,"column":34},"end":{"line":132,"column":9}},{"start":{"line":132,"column":60},"end":{"line":null,"column":null}}]},"11":{"line":72,"type":"if","locations":[{"start":{"line":72,"column":8},"end":{"line":72,"column":8}},{"start":{"line":72,"column":8},"end":{"line":72,"column":8}}]},"12":{"line":75,"type":"if","locations":[{"start":{"line":75,"column":8},"end":{"line":75,"column":8}},{"start":{"line":75,"column":8},"end":{"line":75,"column":8}}]}},"code":["/**"," * Checkbox Component"," * @author grootfish"," */","import React,{ PureComponent } from 'react';","import PropTypes from 'prop-types';","import CSSModules from 'react-css-modules';","import shallowEqual from 'shallowequal';","import classNames from 'classnames';","import { allowMultiple } from '../../constants';","import styles from './Checkbox.css';","import CheckboxGroup from './CheckboxGroup';","","@CSSModules(styles, { allowMultiple })","class Checkbox extends PureComponent {","","  static Group = CheckboxGroup;","  static displayName = 'Checkbox';","","  static defaultProps = {","    prefixCls: 'checkbox',","    type: 'checkbox',","    defaultChecked: false,","    onChange() {},","    onFocus() {},","    onBlur() {},","    onClick() {},","  }","","  // https://facebook.github.io/react/docs/typechecking-with-proptypes.html","  static propTypes = {","    prefixCls: PropTypes.string,","    defaultChecked: PropTypes.oneOfType([PropTypes.number, PropTypes.bool]),","    onChange: PropTypes.func,","    name: PropTypes.string,","    type: PropTypes.string,","    disabled: PropTypes.bool,","    readOnly: PropTypes.bool,","  }","","  static contextTypes = {","    checkboxGroup: PropTypes.any,","  };","","","  constructor(props) {","    super(props);","","    const checked = 'checked' in props ? props.checked : props.defaultChecked;","","    this.state = {","      checked,","    };","  }","","  componentWillReceiveProps(nextProps) {","    if ('checked' in nextProps) {","      this.setState({","        checked: nextProps.checked,","      });","    }","  }","","  shouldComponentUpdate(nextProps, nextState, nextContext) {","    return !shallowEqual(this.props, nextProps) ||","           !shallowEqual(this.state, nextState) ||","           !shallowEqual(this.context.checkboxGroup, nextContext.checkboxGroup);","  }","","  handleChange = (e) => {","    const { props } = this;","    if (props.disabled) {","      return;","    }","    if (!('checked' in props)) {","      this.setState({","        checked: e.target.checked,","      });","    }","    props.onChange({","      target: {","        ...props,","        checked: e.target.checked,","      },","      stopPropagation() {","        e.stopPropagation();","      },","      preventDefault() {","        e.preventDefault();","      },","    });","  };","","  render() {","    const { context, props, state } = this;","    const { children, name, type, readOnly, onClick, onFocus, onBlur, prefixCls, ...otherProps } = props;","    const checkboxProps = otherProps;","    let { checked } = state;","    let { disabled } = props;","    const { checkboxGroup } = context;","    if (checkboxGroup) {","      this.handleChange = () => checkboxGroup.toggleOption({ label: children, value: props.value });","      checked = checkboxGroup.value.indexOf(props.value) !== -1;","      disabled = 'disabled' in props ? props.disabled : checkboxGroup.disabled;","    }","","    const classString = classNames(prefixCls, {","      [`${prefixCls}__checked`]: checked,","      [`${prefixCls}__disabled`]: disabled,","    });","    const wrapperString = classNames({","      [`${prefixCls}--wrapper`]: true,","      [`${prefixCls}--wrapper__checked`]: checked,","      [`${prefixCls}--wrapper__disabled`]: disabled,","    });","    const innerString = classNames({","      [`${prefixCls}--inner`]: true,","    });","    return (","      <label className={wrapperString}>","        <span styleName={classString}>","          <input","            name={name}","            type={type}","            readOnly={readOnly}","            disabled={disabled}","            checked={!!checked}","            onChange={this.handleChange}","          />","          <span styleName={innerString} />","        </span>","        {children !== undefined ? <span>{children}</span> : null}","      </label>","","    );","  }","}","","export default Checkbox;",""],"l":{"0":14,"1":1,"5":1,"6":1,"7":1,"8":1,"9":1,"10":1,"12":1,"15":1,"46":1,"47":1,"49":1,"51":1,"57":0,"58":0,"65":0,"70":1,"71":0,"72":0,"75":0,"76":0,"80":0,"86":0,"89":0,"95":1,"96":1,"97":1,"98":1,"99":1,"100":1,"101":1,"102":0,"103":0,"104":0,"107":1,"111":1,"116":1,"120":1,"139":1}},
"D:\\work\\github\\own\\quark-ui\\src\\components\\checkbox\\CheckboxGroup.js":{"path":"D:\\work\\github\\own\\quark-ui\\src\\components\\checkbox\\CheckboxGroup.js","s":{"1":1,"2":1,"3":1,"4":1,"5":1,"6":1,"7":1,"8":1,"9":1,"10":1,"11":1,"12":1,"13":1,"14":1,"15":1,"16":1,"17":1,"18":1,"19":1,"20":1,"21":1,"22":1,"23":1,"24":1,"25":1,"26":1,"27":11,"28":1,"29":1,"30":1,"31":1,"32":1,"33":1,"34":1,"35":1,"36":1,"37":1,"38":1,"39":0,"40":0,"41":0,"42":1,"43":1,"44":1,"45":1,"46":1,"47":3,"48":0,"49":1,"50":1,"51":1,"52":1,"53":1,"54":1,"55":1,"56":1,"57":3,"58":3,"59":0,"60":1,"61":0,"62":0,"63":0,"64":0,"65":0,"66":0,"67":0,"68":0,"69":0,"70":1},"b":{"1":[7,4],"2":[11,11],"3":[1,0],"4":[1,0],"5":[0,1],"6":[0,0],"7":[0,0],"8":[0,0],"9":[1,0],"10":[1,1],"11":[0,3],"12":[3,0],"13":[0,0],"14":[0,0],"15":[0,0]},"f":{"1":11,"2":1,"3":1,"4":0,"5":0,"6":1,"7":3,"8":0,"9":0,"10":1,"11":1,"12":1,"13":3,"14":0},"fnMap":{"1":{"name":"_interopRequireDefault","line":0,"loc":{"start":{"line":0,"column":0},"end":{"line":0,"column":0}},"skip":true},"2":{"name":"(anonymous_2)","line":0,"loc":{"start":{"line":0,"column":0},"end":{"line":0,"column":0}},"skip":true},"3":{"name":"CheckboxGroup","line":38,"loc":{"start":{"line":38,"column":14},"end":{"line":38,"column":21}}},"4":{"name":"componentWillReceiveProps","line":55,"loc":{"start":{"line":55,"column":28},"end":{"line":55,"column":39}}},"5":{"name":"shouldComponentUpdate","line":62,"loc":{"start":{"line":62,"column":24},"end":{"line":62,"column":46}}},"6":{"name":"render","line":101,"loc":{"start":{"line":101,"column":11},"end":{"line":101,"column":11}}},"7":{"name":"(anonymous_7)","line":105,"loc":{"start":{"line":105,"column":39},"end":{"line":null,"column":null}}},"8":{"name":"onChange","line":111,"loc":{"start":{"line":111,"column":20},"end":{"line":111,"column":26}}},"9":{"name":"onChange","line":22,"loc":{"start":{"line":22,"column":15},"end":{"line":22,"column":15}}},"10":{"name":"_initialiseProps","line":0,"loc":{"start":{"line":0,"column":0},"end":{"line":0,"column":0}},"skip":true},"11":{"name":"(anonymous_11)","line":47,"loc":{"start":{"line":47,"column":20},"end":{"line":null,"column":null}}},"12":{"name":"(anonymous_12)","line":68,"loc":{"start":{"line":68,"column":13},"end":{"line":68,"column":19}}},"13":{"name":"(anonymous_13)","line":70,"loc":{"start":{"line":70,"column":23},"end":{"line":70,"column":35}}},"14":{"name":"(anonymous_14)","line":81,"loc":{"start":{"line":81,"column":15},"end":{"line":81,"column":27}}}},"statementMap":{"1":{"start":{"line":0,"column":0},"end":{"line":0,"column":0},"skip":true},"2":{"start":{"line":0,"column":0},"end":{"line":0,"column":0},"skip":true},"3":{"start":{"line":0,"column":0},"end":{"line":0,"column":0},"skip":true},"4":{"start":{"line":0,"column":0},"end":{"line":0,"column":0},"skip":true},"5":{"start":{"line":0,"column":0},"end":{"line":0,"column":0},"skip":true},"6":{"start":{"line":0,"column":0},"end":{"line":0,"column":0},"skip":true},"7":{"start":{"line":0,"column":0},"end":{"line":0,"column":0},"skip":true},"8":{"start":{"line":0,"column":0},"end":{"line":0,"column":0},"skip":true},"9":{"start":{"line":0,"column":0},"end":{"line":0,"column":0},"skip":true},"10":{"start":{"line":0,"column":0},"end":{"line":0,"column":0},"skip":true},"11":{"start":{"line":0,"column":0},"end":{"line":0,"column":0},"skip":true},"12":{"start":{"line":0,"column":0},"end":{"line":0,"column":0},"skip":true},"13":{"start":{"line":0,"column":0},"end":{"line":0,"column":0},"skip":true},"14":{"start":{"line":1,"column":0},"end":{"line":1,"column":0}},"15":{"start":{"line":5,"column":0},"end":{"line":null,"column":null}},"16":{"start":{"line":0,"column":0},"end":{"line":0,"column":0},"skip":true},"17":{"start":{"line":6,"column":0},"end":{"line":null,"column":null}},"18":{"start":{"line":0,"column":0},"end":{"line":0,"column":0},"skip":true},"19":{"start":{"line":7,"column":0},"end":{"line":null,"column":null}},"20":{"start":{"line":0,"column":0},"end":{"line":0,"column":0},"skip":true},"21":{"start":{"line":8,"column":0},"end":{"line":null,"column":null}},"22":{"start":{"line":0,"column":0},"end":{"line":0,"column":0},"skip":true},"23":{"start":{"line":9,"column":0},"end":{"line":null,"column":null}},"24":{"start":{"line":10,"column":0},"end":{"line":null,"column":null}},"25":{"start":{"line":0,"column":0},"end":{"line":0,"column":0},"skip":true},"26":{"start":{"line":0,"column":0},"end":{"line":0,"column":0},"skip":true},"27":{"start":{"line":0,"column":0},"end":{"line":0,"column":0},"skip":true},"28":{"start":{"line":0,"column":0},"end":{"line":0,"column":0},"skip":true},"29":{"start":{"line":14,"column":6},"end":{"line":null,"column":null}},"30":{"start":{"line":0,"column":0},"end":{"line":0,"column":0},"skip":true},"31":{"start":{"line":38,"column":14},"end":{"line":null,"column":null}},"32":{"start":{"line":0,"column":0},"end":{"line":0,"column":0},"skip":true},"33":{"start":{"line":39,"column":10},"end":{"line":null,"column":null}},"34":{"start":{"line":0,"column":0},"end":{"line":0,"column":0},"skip":true},"35":{"start":{"line":41,"column":10},"end":{"line":null,"column":null}},"36":{"start":{"line":43,"column":9},"end":{"line":null,"column":null}},"37":{"start":{"line":0,"column":0},"end":{"line":0,"column":0},"skip":true},"38":{"start":{"line":0,"column":0},"end":{"line":0,"column":0},"skip":true},"39":{"start":{"line":56,"column":8},"end":{"line":null,"column":null}},"40":{"start":{"line":57,"column":11},"end":{"line":null,"column":null}},"41":{"start":{"line":63,"column":11},"end":{"line":null,"column":null}},"42":{"start":{"line":0,"column":0},"end":{"line":0,"column":0},"skip":true},"43":{"start":{"line":102,"column":12},"end":{"line":null,"column":null}},"44":{"start":{"line":103,"column":10},"end":{"line":null,"column":null}},"45":{"start":{"line":104,"column":8},"end":{"line":null,"column":null}},"46":{"start":{"line":105,"column":17},"end":{"line":null,"column":null}},"47":{"start":{"line":106,"column":8},"end":{"line":null,"column":null}},"48":{"start":{"line":111,"column":33},"end":{"line":null,"column":null}},"49":{"start":{"line":120,"column":6},"end":{"line":null,"column":null}},"50":{"start":{"line":0,"column":0},"end":{"line":0,"column":0},"skip":true},"51":{"start":{"line":0,"column":0},"end":{"line":0,"column":0},"skip":true},"52":{"start":{"line":47,"column":2},"end":{"line":null,"column":null}},"53":{"start":{"line":47,"column":27},"end":{"line":null,"column":null}},"54":{"start":{"line":68,"column":2},"end":{"line":null,"column":null}},"55":{"start":{"line":69,"column":12},"end":{"line":null,"column":null}},"56":{"start":{"line":70,"column":11},"end":{"line":null,"column":null}},"57":{"start":{"line":71,"column":10},"end":{"line":null,"column":null}},"58":{"start":{"line":72,"column":15},"end":{"line":null,"column":null}},"59":{"start":{"line":77,"column":13},"end":{"line":null,"column":null}},"60":{"start":{"line":81,"column":2},"end":{"line":null,"column":null}},"61":{"start":{"line":82,"column":10},"end":{"line":null,"column":null}},"62":{"start":{"line":83,"column":10},"end":{"line":null,"column":null}},"63":{"start":{"line":85,"column":8},"end":{"line":null,"column":null}},"64":{"start":{"line":86,"column":12},"end":{"line":null,"column":null}},"65":{"start":{"line":88,"column":12},"end":{"line":null,"column":null}},"66":{"start":{"line":91,"column":8},"end":{"line":null,"column":null}},"67":{"start":{"line":92,"column":11},"end":{"line":null,"column":null}},"68":{"start":{"line":95,"column":8},"end":{"line":null,"column":null}},"69":{"start":{"line":96,"column":11},"end":{"line":null,"column":null}},"70":{"start":{"line":127,"column":15},"end":{"line":null,"column":null}}},"branchMap":{"1":{"line":0,"type":"cond-expr","locations":[{"start":{"line":0,"column":0},"end":{"line":0,"column":0},"skip":true},{"start":{"line":0,"column":0},"end":{"line":0,"column":0},"skip":true}]},"2":{"line":0,"type":"binary-expr","locations":[{"start":{"line":0,"column":0},"end":{"line":0,"column":0},"skip":true},{"start":{"line":0,"column":0},"end":{"line":0,"column":0},"skip":true}]},"3":{"line":0,"type":"binary-expr","locations":[{"start":{"line":0,"column":0},"end":{"line":0,"column":0},"skip":true},{"start":{"line":0,"column":0},"end":{"line":0,"column":0},"skip":true}]},"4":{"line":39,"type":"binary-expr","locations":[{"start":{"line":39,"column":10},"end":{"line":39,"column":10}},{"start":{"line":39,"column":10},"end":{"line":39,"column":10}}]},"5":{"line":41,"type":"cond-expr","locations":[{"start":{"line":41,"column":37},"end":{"line":41,"column":18}},{"start":{"line":41,"column":51},"end":{"line":41,"column":4}}]},"6":{"line":56,"type":"if","locations":[{"start":{"line":56,"column":8},"end":{"line":56,"column":8}},{"start":{"line":56,"column":8},"end":{"line":56,"column":8}}]},"7":{"line":58,"type":"binary-expr","locations":[{"start":{"line":58,"column":15},"end":{"line":58,"column":15}},{"start":{"line":58,"column":34},"end":{"line":null,"column":null}}]},"8":{"line":63,"type":"binary-expr","locations":[{"start":{"line":63,"column":11},"end":{"line":63,"column":11}},{"start":{"line":64,"column":6},"end":{"line":63,"column":4}}]},"9":{"line":104,"type":"if","locations":[{"start":{"line":104,"column":8},"end":{"line":104,"column":8}},{"start":{"line":104,"column":8},"end":{"line":104,"column":8}}]},"10":{"line":104,"type":"binary-expr","locations":[{"start":{"line":104,"column":8},"end":{"line":104,"column":19}},{"start":{"line":104,"column":19},"end":{"line":104,"column":4}}]},"11":{"line":108,"type":"cond-expr","locations":[{"start":{"line":108,"column":43},"end":{"line":108,"column":20}},{"start":{"line":108,"column":61},"end":{"line":106,"column":8}}]},"12":{"line":71,"type":"if","locations":[{"start":{"line":71,"column":10},"end":{"line":71,"column":10}},{"start":{"line":71,"column":10},"end":{"line":71,"column":10}}]},"13":{"line":85,"type":"if","locations":[{"start":{"line":85,"column":8},"end":{"line":85,"column":8}},{"start":{"line":85,"column":8},"end":{"line":85,"column":8}}]},"14":{"line":91,"type":"if","locations":[{"start":{"line":91,"column":8},"end":{"line":91,"column":8}},{"start":{"line":91,"column":8},"end":{"line":91,"column":8}}]},"15":{"line":95,"type":"if","locations":[{"start":{"line":95,"column":8},"end":{"line":95,"column":8}},{"start":{"line":95,"column":8},"end":{"line":95,"column":8}}]}},"code":["/**"," * Checkbox Component"," * @author grootfish"," */","import React,{ PureComponent } from 'react';","import PropTypes from 'prop-types';","import CSSModules from 'react-css-modules';","import shallowEqual from 'shallowequal';","import { allowMultiple } from '../../constants';","import Checkbox from './Checkbox';","import styles from './Checkbox.css';","","@CSSModules(styles, { allowMultiple })","class CheckboxGroup extends PureComponent {","","  static displayName = 'CheckboxGroup'","","  static defaultProps = {","    type: 'checkbox',","    defaultValue: [],","    optoins: [],","    onChange() {},","  }","","  // https://facebook.github.io/react/docs/typechecking-with-proptypes.html","  static propTypes = {","    defaultValue: PropTypes.array,","    value: PropTypes.array,","    options: PropTypes.array,","    onChange: PropTypes.func,","    disabled: PropTypes.bool,","  }","","  static childContextTypes = {","    checkboxGroup: PropTypes.any,","  };","","  constructor(props) {","    super(props);","","    const value = 'value' in props ? props.value : props.defaultValue;","","    this.state = {","      value,","    };","  }","  getChildContext = () => ({","    checkboxGroup: {","      toggleOption: this.toggleOption,","      value: this.state.value,","      disabled: this.props.disabled,","    },","  })","","  componentWillReceiveProps(nextProps) {","    if ('value' in nextProps) {","      this.setState({","        value: nextProps.value || [],","      });","    }","  }","  shouldComponentUpdate(nextProps, nextState) {","    return !shallowEqual(this.props, nextProps) ||","      !shallowEqual(this.state, nextState);","  }","","","  getOptions=() => {","    const { options } = this.props;","    return options.map((option) => {","      if (typeof option === 'string') {","        return {","          label: option,","          value: option,","        };","      }","      return option;","    });","  }","","  toggleOption=(option) => {","    const optionIndex = this.state.value.indexOf(option.value);","    const value = [...this.state.value];","","    if (optionIndex === -1) {","      value.push(option.value);","    } else {","      value.splice(optionIndex, 1);","    }","","    if (!('value' in this.props)) {","      this.setState({ value });","    }","","    if (this.props.onChange) {","      this.props.onChange(value);","    }","  }","","","  render() {","    const { props, state } = this;","    let { options, children } = props;","    if (options && options.length > 0) {","      children = this.getOptions().map(option => (","        <Checkbox","          key={option.value}","          disabled={'disabled' in option ? option.disabled : props.disabled}","          value={option.value}","          checked={state.value.indexOf(option.value) !== -1}","          onChange={() => { this.toggleOption(option); }}","        >","          {option.label}","        </Checkbox>","      ));","    }","","","    return (","      <div styleName={'checkbox--group'}>","        {children}","      </div>","    );","  }","}","","export default CheckboxGroup;",""],"l":{"0":11,"1":1,"5":1,"6":1,"7":1,"8":1,"9":1,"10":1,"14":1,"38":1,"39":1,"41":1,"43":1,"47":1,"56":0,"57":0,"63":0,"68":1,"69":1,"70":1,"71":3,"72":3,"77":0,"81":1,"82":0,"83":0,"85":0,"86":0,"88":0,"91":0,"92":0,"95":0,"96":0,"102":1,"103":1,"104":1,"105":1,"106":3,"111":0,"120":1,"127":1}}}
